ERROR i.skysail.server.codegen.apt.processors.EntityProcessor - null
java.lang.NullPointerException: null
	at java.util.Objects.requireNonNull(Objects.java:203) ~[na:1.8.0_51]
	at java.util.Arrays$ArrayList.<init>(Arrays.java:3813) ~[na:1.8.0_51]
	at java.util.Arrays.asList(Arrays.java:3800) ~[na:1.8.0_51]
	at io.skysail.server.codegen.apt.processors.EntityProcessor.methodExcluded(EntityProcessor.java:439) [bin/:na]
	at io.skysail.server.codegen.apt.processors.EntityProcessor.createListResource(EntityProcessor.java:241) [bin/:na]
	at io.skysail.server.codegen.apt.processors.EntityProcessor.lambda$0(EntityProcessor.java:44) [bin/:na]
	at io.skysail.server.codegen.apt.processors.EntityProcessor$$Lambda$12/1806431167.accept(Unknown Source) [bin/:na]
	at java.util.HashMap$KeySpliterator.forEachRemaining(HashMap.java:1540) [na:1.8.0_51]
	at java.util.stream.ReferencePipeline$Head.forEach(ReferencePipeline.java:580) [na:1.8.0_51]
	at io.skysail.server.codegen.apt.processors.EntityProcessor.doProcess(EntityProcessor.java:40) [bin/:na]
	at io.skysail.server.codegen.apt.processors.Processors.process(Processors.java:31) [bin/:na]
	at io.skysail.server.codegen.apt.processors.test.EntityProcessorTest.one_annotation_found_yields_successful_processing(EntityProcessorTest.java:55) [bin_test/:na]
	at sun.reflect.NativeMethodAccessorImpl.invoke0(Native Method) ~[na:1.8.0_51]
	at sun.reflect.NativeMethodAccessorImpl.invoke(NativeMethodAccessorImpl.java:62) ~[na:1.8.0_51]
	at sun.reflect.DelegatingMethodAccessorImpl.invoke(DelegatingMethodAccessorImpl.java:43) ~[na:1.8.0_51]
	at java.lang.reflect.Method.invoke(Method.java:497) ~[na:1.8.0_51]
	at org.junit.runners.model.FrameworkMethod$1.runReflectiveCall(FrameworkMethod.java:47) [com.springsource.org.junit-4.11.0.jar:na]
	at org.junit.internal.runners.model.ReflectiveCallable.run(ReflectiveCallable.java:12) [com.springsource.org.junit-4.11.0.jar:na]
	at org.junit.runners.model.FrameworkMethod.invokeExplosively(FrameworkMethod.java:44) [com.springsource.org.junit-4.11.0.jar:na]
	at org.junit.internal.runners.statements.InvokeMethod.evaluate(InvokeMethod.java:17) [com.springsource.org.junit-4.11.0.jar:na]
	at org.junit.internal.runners.statements.RunBefores.evaluate(RunBefores.java:26) [com.springsource.org.junit-4.11.0.jar:na]
	at org.junit.runners.ParentRunner.runLeaf(ParentRunner.java:271) [com.springsource.org.junit-4.11.0.jar:na]
	at org.junit.runners.BlockJUnit4ClassRunner.runChild(BlockJUnit4ClassRunner.java:70) [com.springsource.org.junit-4.11.0.jar:na]
	at org.junit.runners.BlockJUnit4ClassRunner.runChild(BlockJUnit4ClassRunner.java:50) [com.springsource.org.junit-4.11.0.jar:na]
	at org.junit.runners.ParentRunner$3.run(ParentRunner.java:238) [com.springsource.org.junit-4.11.0.jar:na]
	at org.junit.runners.ParentRunner$1.schedule(ParentRunner.java:63) [com.springsource.org.junit-4.11.0.jar:na]
	at org.junit.runners.ParentRunner.runChildren(ParentRunner.java:236) [com.springsource.org.junit-4.11.0.jar:na]
	at org.junit.runners.ParentRunner.access$000(ParentRunner.java:53) [com.springsource.org.junit-4.11.0.jar:na]
	at org.junit.runners.ParentRunner$2.evaluate(ParentRunner.java:229) [com.springsource.org.junit-4.11.0.jar:na]
	at org.junit.runners.ParentRunner.run(ParentRunner.java:309) [com.springsource.org.junit-4.11.0.jar:na]
	at org.eclipse.jdt.internal.junit4.runner.JUnit4TestReference.run(JUnit4TestReference.java:50) [.cp/:na]
	at org.eclipse.jdt.internal.junit.runner.TestExecution.run(TestExecution.java:38) [.cp/:na]
	at org.eclipse.jdt.internal.junit.runner.RemoteTestRunner.runTests(RemoteTestRunner.java:459) [.cp/:na]
	at org.eclipse.jdt.internal.junit.runner.RemoteTestRunner.runTests(RemoteTestRunner.java:675) [.cp/:na]
	at org.eclipse.jdt.internal.junit.runner.RemoteTestRunner.run(RemoteTestRunner.java:382) [.cp/:na]
	at org.eclipse.jdt.internal.junit.runner.RemoteTestRunner.main(RemoteTestRunner.java:192) [.cp/:na]
ERROR i.skysail.server.codegen.apt.processors.EntityProcessor - null
java.lang.NullPointerException: null
	at io.skysail.server.codegen.apt.processors.Processors.createSourceFile(Processors.java:95) [bin/:na]
	at io.skysail.server.codegen.apt.processors.EntityProcessor.createRepository2(EntityProcessor.java:149) [bin/:na]
	at io.skysail.server.codegen.apt.processors.EntityProcessor.lambda$1(EntityProcessor.java:54) [bin/:na]
	at io.skysail.server.codegen.apt.processors.EntityProcessor$$Lambda$13/1910438136.accept(Unknown Source) [bin/:na]
	at java.util.ArrayList$ArrayListSpliterator.forEachRemaining(ArrayList.java:1374) [na:1.8.0_51]
	at java.util.stream.ReferencePipeline$Head.forEach(ReferencePipeline.java:580) [na:1.8.0_51]
	at io.skysail.server.codegen.apt.processors.EntityProcessor.doProcess(EntityProcessor.java:52) [bin/:na]
	at io.skysail.server.codegen.apt.processors.Processors.process(Processors.java:31) [bin/:na]
	at io.skysail.server.codegen.apt.processors.test.EntityProcessorTest.one_annotation_found_yields_successful_processing(EntityProcessorTest.java:55) [bin_test/:na]
	at sun.reflect.NativeMethodAccessorImpl.invoke0(Native Method) ~[na:1.8.0_51]
	at sun.reflect.NativeMethodAccessorImpl.invoke(NativeMethodAccessorImpl.java:62) ~[na:1.8.0_51]
	at sun.reflect.DelegatingMethodAccessorImpl.invoke(DelegatingMethodAccessorImpl.java:43) ~[na:1.8.0_51]
	at java.lang.reflect.Method.invoke(Method.java:497) ~[na:1.8.0_51]
	at org.junit.runners.model.FrameworkMethod$1.runReflectiveCall(FrameworkMethod.java:47) [com.springsource.org.junit-4.11.0.jar:na]
	at org.junit.internal.runners.model.ReflectiveCallable.run(ReflectiveCallable.java:12) [com.springsource.org.junit-4.11.0.jar:na]
	at org.junit.runners.model.FrameworkMethod.invokeExplosively(FrameworkMethod.java:44) [com.springsource.org.junit-4.11.0.jar:na]
	at org.junit.internal.runners.statements.InvokeMethod.evaluate(InvokeMethod.java:17) [com.springsource.org.junit-4.11.0.jar:na]
	at org.junit.internal.runners.statements.RunBefores.evaluate(RunBefores.java:26) [com.springsource.org.junit-4.11.0.jar:na]
	at org.junit.runners.ParentRunner.runLeaf(ParentRunner.java:271) [com.springsource.org.junit-4.11.0.jar:na]
	at org.junit.runners.BlockJUnit4ClassRunner.runChild(BlockJUnit4ClassRunner.java:70) [com.springsource.org.junit-4.11.0.jar:na]
	at org.junit.runners.BlockJUnit4ClassRunner.runChild(BlockJUnit4ClassRunner.java:50) [com.springsource.org.junit-4.11.0.jar:na]
	at org.junit.runners.ParentRunner$3.run(ParentRunner.java:238) [com.springsource.org.junit-4.11.0.jar:na]
	at org.junit.runners.ParentRunner$1.schedule(ParentRunner.java:63) [com.springsource.org.junit-4.11.0.jar:na]
	at org.junit.runners.ParentRunner.runChildren(ParentRunner.java:236) [com.springsource.org.junit-4.11.0.jar:na]
	at org.junit.runners.ParentRunner.access$000(ParentRunner.java:53) [com.springsource.org.junit-4.11.0.jar:na]
	at org.junit.runners.ParentRunner$2.evaluate(ParentRunner.java:229) [com.springsource.org.junit-4.11.0.jar:na]
	at org.junit.runners.ParentRunner.run(ParentRunner.java:309) [com.springsource.org.junit-4.11.0.jar:na]
	at org.eclipse.jdt.internal.junit4.runner.JUnit4TestReference.run(JUnit4TestReference.java:50) [.cp/:na]
	at org.eclipse.jdt.internal.junit.runner.TestExecution.run(TestExecution.java:38) [.cp/:na]
	at org.eclipse.jdt.internal.junit.runner.RemoteTestRunner.runTests(RemoteTestRunner.java:459) [.cp/:na]
	at org.eclipse.jdt.internal.junit.runner.RemoteTestRunner.runTests(RemoteTestRunner.java:675) [.cp/:na]
	at org.eclipse.jdt.internal.junit.runner.RemoteTestRunner.run(RemoteTestRunner.java:382) [.cp/:na]
	at org.eclipse.jdt.internal.junit.runner.RemoteTestRunner.main(RemoteTestRunner.java:192) [.cp/:na]
