INFO  de.twenty11.skysail.server.db.orientdb.impl.Updater - setting owner=#1 [class java.lang.String]
ERROR de.twenty11.skysail.server.db.orientdb.impl.Updater - null
java.lang.NoSuchMethodException: de.twenty11.skysail.server.db.orientdb.impl.test.Goal.isOwner()
	at java.lang.Class.getMethod(Class.java:1773) ~[na:1.8.0]
	at de.twenty11.skysail.server.db.orientdb.impl.Updater.methodWith(Updater.java:108) [bin/:na]
	at de.twenty11.skysail.server.db.orientdb.impl.Updater.setProperty(Updater.java:100) [bin/:na]
	at de.twenty11.skysail.server.db.orientdb.impl.Updater.lambda$execute$8(Updater.java:38) [bin/:na]
	at de.twenty11.skysail.server.db.orientdb.impl.Updater$$Lambda$1/552369664.accept(Unknown Source) [bin/:na]
	at java.util.HashMap$KeySpliterator.forEachRemaining(HashMap.java:1540) [na:1.8.0]
	at java.util.stream.ReferencePipeline$Head.forEach(ReferencePipeline.java:580) [na:1.8.0]
	at de.twenty11.skysail.server.db.orientdb.impl.Updater.execute(Updater.java:35) [bin/:na]
	at de.twenty11.skysail.server.db.orientdb.impl.Updater.runInTransaction(Updater.java:78) [bin/:na]
	at de.twenty11.skysail.server.db.orientdb.impl.Updater.update(Updater.java:27) [bin/:na]
	at de.twenty11.skysail.server.db.orientdb.impl.test.UpdaterTest.testUpdate(UpdaterTest.java:28) [bin_test/:na]
	at sun.reflect.NativeMethodAccessorImpl.invoke0(Native Method) ~[na:1.8.0]
	at sun.reflect.NativeMethodAccessorImpl.invoke(NativeMethodAccessorImpl.java:62) ~[na:1.8.0]
	at sun.reflect.DelegatingMethodAccessorImpl.invoke(DelegatingMethodAccessorImpl.java:43) ~[na:1.8.0]
	at java.lang.reflect.Method.invoke(Method.java:483) ~[na:1.8.0]
	at org.junit.runners.model.FrameworkMethod$1.runReflectiveCall(FrameworkMethod.java:47) [com.springsource.org.junit-4.11.0.jar:na]
	at org.junit.internal.runners.model.ReflectiveCallable.run(ReflectiveCallable.java:12) [com.springsource.org.junit-4.11.0.jar:na]
	at org.junit.runners.model.FrameworkMethod.invokeExplosively(FrameworkMethod.java:44) [com.springsource.org.junit-4.11.0.jar:na]
	at org.junit.internal.runners.statements.InvokeMethod.evaluate(InvokeMethod.java:17) [com.springsource.org.junit-4.11.0.jar:na]
	at org.junit.internal.runners.statements.RunBefores.evaluate(RunBefores.java:26) [com.springsource.org.junit-4.11.0.jar:na]
	at org.junit.runners.ParentRunner.runLeaf(ParentRunner.java:271) [com.springsource.org.junit-4.11.0.jar:na]
	at org.junit.runners.BlockJUnit4ClassRunner.runChild(BlockJUnit4ClassRunner.java:70) [com.springsource.org.junit-4.11.0.jar:na]
	at org.junit.runners.BlockJUnit4ClassRunner.runChild(BlockJUnit4ClassRunner.java:50) [com.springsource.org.junit-4.11.0.jar:na]
	at org.junit.runners.ParentRunner$3.run(ParentRunner.java:238) [com.springsource.org.junit-4.11.0.jar:na]
	at org.junit.runners.ParentRunner$1.schedule(ParentRunner.java:63) [com.springsource.org.junit-4.11.0.jar:na]
	at org.junit.runners.ParentRunner.runChildren(ParentRunner.java:236) [com.springsource.org.junit-4.11.0.jar:na]
	at org.junit.runners.ParentRunner.access$000(ParentRunner.java:53) [com.springsource.org.junit-4.11.0.jar:na]
	at org.junit.runners.ParentRunner$2.evaluate(ParentRunner.java:229) [com.springsource.org.junit-4.11.0.jar:na]
	at org.junit.runners.ParentRunner.run(ParentRunner.java:309) [com.springsource.org.junit-4.11.0.jar:na]
	at org.mockito.internal.runners.JUnit45AndHigherRunnerImpl.run(JUnit45AndHigherRunnerImpl.java:37) [org.mockito.mockito-core-1.10.19.jar:na]
	at org.mockito.runners.MockitoJUnitRunner.run(MockitoJUnitRunner.java:62) [org.mockito.mockito-core-1.10.19.jar:na]
	at org.gradle.api.internal.tasks.testing.junit.JUnitTestClassExecuter.runTestClass(JUnitTestClassExecuter.java:86) [gradle-plugins-2.4.jar:2.4]
	at org.gradle.api.internal.tasks.testing.junit.JUnitTestClassExecuter.execute(JUnitTestClassExecuter.java:49) [gradle-plugins-2.4.jar:2.4]
	at org.gradle.api.internal.tasks.testing.junit.JUnitTestClassProcessor.processTestClass(JUnitTestClassProcessor.java:64) [gradle-plugins-2.4.jar:2.4]
	at org.gradle.api.internal.tasks.testing.SuiteTestClassProcessor.processTestClass(SuiteTestClassProcessor.java:50) [gradle-plugins-2.4.jar:2.4]
	at sun.reflect.NativeMethodAccessorImpl.invoke0(Native Method) ~[na:1.8.0]
	at sun.reflect.NativeMethodAccessorImpl.invoke(NativeMethodAccessorImpl.java:62) ~[na:1.8.0]
	at sun.reflect.DelegatingMethodAccessorImpl.invoke(DelegatingMethodAccessorImpl.java:43) ~[na:1.8.0]
	at java.lang.reflect.Method.invoke(Method.java:483) ~[na:1.8.0]
	at org.gradle.messaging.dispatch.ReflectionDispatch.dispatch(ReflectionDispatch.java:35) [gradle-messaging-2.4.jar:2.4]
	at org.gradle.messaging.dispatch.ReflectionDispatch.dispatch(ReflectionDispatch.java:24) [gradle-messaging-2.4.jar:2.4]
	at org.gradle.messaging.dispatch.ContextClassLoaderDispatch.dispatch(ContextClassLoaderDispatch.java:32) [gradle-messaging-2.4.jar:2.4]
	at org.gradle.messaging.dispatch.ProxyDispatchAdapter$DispatchingInvocationHandler.invoke(ProxyDispatchAdapter.java:93) [gradle-messaging-2.4.jar:2.4]
	at com.sun.proxy.$Proxy2.processTestClass(Unknown Source) [na:na]
	at org.gradle.api.internal.tasks.testing.worker.TestWorker.processTestClass(TestWorker.java:106) [gradle-plugins-2.4.jar:2.4]
	at sun.reflect.NativeMethodAccessorImpl.invoke0(Native Method) ~[na:1.8.0]
	at sun.reflect.NativeMethodAccessorImpl.invoke(NativeMethodAccessorImpl.java:62) ~[na:1.8.0]
	at sun.reflect.DelegatingMethodAccessorImpl.invoke(DelegatingMethodAccessorImpl.java:43) ~[na:1.8.0]
	at java.lang.reflect.Method.invoke(Method.java:483) ~[na:1.8.0]
	at org.gradle.messaging.dispatch.ReflectionDispatch.dispatch(ReflectionDispatch.java:35) [gradle-messaging-2.4.jar:2.4]
	at org.gradle.messaging.dispatch.ReflectionDispatch.dispatch(ReflectionDispatch.java:24) [gradle-messaging-2.4.jar:2.4]
	at org.gradle.messaging.remote.internal.hub.MessageHub$Handler.run(MessageHub.java:360) [gradle-messaging-2.4.jar:2.4]
	at org.gradle.internal.concurrent.ExecutorPolicy$CatchAndRecordFailures.onExecute(ExecutorPolicy.java:54) [gradle-base-services-2.4.jar:2.4]
	at org.gradle.internal.concurrent.StoppableExecutorImpl$1.run(StoppableExecutorImpl.java:40) [gradle-base-services-2.4.jar:2.4]
	at java.util.concurrent.ThreadPoolExecutor.runWorker(ThreadPoolExecutor.java:1142) [na:1.8.0]
	at java.util.concurrent.ThreadPoolExecutor$Worker.run(ThreadPoolExecutor.java:617) [na:1.8.0]
	at java.lang.Thread.run(Thread.java:744) [na:1.8.0]
INFO  de.twenty11.skysail.server.db.orientdb.impl.Updater - setting beginn=0 [class java.math.BigDecimal]
ERROR de.twenty11.skysail.server.db.orientdb.impl.Updater - null
java.lang.NoSuchMethodException: de.twenty11.skysail.server.db.orientdb.impl.test.Goal.isBeginn()
	at java.lang.Class.getMethod(Class.java:1773) ~[na:1.8.0]
	at de.twenty11.skysail.server.db.orientdb.impl.Updater.methodWith(Updater.java:108) [bin/:na]
	at de.twenty11.skysail.server.db.orientdb.impl.Updater.setProperty(Updater.java:100) [bin/:na]
	at de.twenty11.skysail.server.db.orientdb.impl.Updater.lambda$execute$8(Updater.java:38) [bin/:na]
	at de.twenty11.skysail.server.db.orientdb.impl.Updater$$Lambda$1/552369664.accept(Unknown Source) [bin/:na]
	at java.util.HashMap$KeySpliterator.forEachRemaining(HashMap.java:1540) [na:1.8.0]
	at java.util.stream.ReferencePipeline$Head.forEach(ReferencePipeline.java:580) [na:1.8.0]
	at de.twenty11.skysail.server.db.orientdb.impl.Updater.execute(Updater.java:35) [bin/:na]
	at de.twenty11.skysail.server.db.orientdb.impl.Updater.runInTransaction(Updater.java:78) [bin/:na]
	at de.twenty11.skysail.server.db.orientdb.impl.Updater.update(Updater.java:27) [bin/:na]
	at de.twenty11.skysail.server.db.orientdb.impl.test.UpdaterTest.testUpdate(UpdaterTest.java:28) [bin_test/:na]
	at sun.reflect.NativeMethodAccessorImpl.invoke0(Native Method) ~[na:1.8.0]
	at sun.reflect.NativeMethodAccessorImpl.invoke(NativeMethodAccessorImpl.java:62) ~[na:1.8.0]
	at sun.reflect.DelegatingMethodAccessorImpl.invoke(DelegatingMethodAccessorImpl.java:43) ~[na:1.8.0]
	at java.lang.reflect.Method.invoke(Method.java:483) ~[na:1.8.0]
	at org.junit.runners.model.FrameworkMethod$1.runReflectiveCall(FrameworkMethod.java:47) [com.springsource.org.junit-4.11.0.jar:na]
	at org.junit.internal.runners.model.ReflectiveCallable.run(ReflectiveCallable.java:12) [com.springsource.org.junit-4.11.0.jar:na]
	at org.junit.runners.model.FrameworkMethod.invokeExplosively(FrameworkMethod.java:44) [com.springsource.org.junit-4.11.0.jar:na]
	at org.junit.internal.runners.statements.InvokeMethod.evaluate(InvokeMethod.java:17) [com.springsource.org.junit-4.11.0.jar:na]
	at org.junit.internal.runners.statements.RunBefores.evaluate(RunBefores.java:26) [com.springsource.org.junit-4.11.0.jar:na]
	at org.junit.runners.ParentRunner.runLeaf(ParentRunner.java:271) [com.springsource.org.junit-4.11.0.jar:na]
	at org.junit.runners.BlockJUnit4ClassRunner.runChild(BlockJUnit4ClassRunner.java:70) [com.springsource.org.junit-4.11.0.jar:na]
	at org.junit.runners.BlockJUnit4ClassRunner.runChild(BlockJUnit4ClassRunner.java:50) [com.springsource.org.junit-4.11.0.jar:na]
	at org.junit.runners.ParentRunner$3.run(ParentRunner.java:238) [com.springsource.org.junit-4.11.0.jar:na]
	at org.junit.runners.ParentRunner$1.schedule(ParentRunner.java:63) [com.springsource.org.junit-4.11.0.jar:na]
	at org.junit.runners.ParentRunner.runChildren(ParentRunner.java:236) [com.springsource.org.junit-4.11.0.jar:na]
	at org.junit.runners.ParentRunner.access$000(ParentRunner.java:53) [com.springsource.org.junit-4.11.0.jar:na]
	at org.junit.runners.ParentRunner$2.evaluate(ParentRunner.java:229) [com.springsource.org.junit-4.11.0.jar:na]
	at org.junit.runners.ParentRunner.run(ParentRunner.java:309) [com.springsource.org.junit-4.11.0.jar:na]
	at org.mockito.internal.runners.JUnit45AndHigherRunnerImpl.run(JUnit45AndHigherRunnerImpl.java:37) [org.mockito.mockito-core-1.10.19.jar:na]
	at org.mockito.runners.MockitoJUnitRunner.run(MockitoJUnitRunner.java:62) [org.mockito.mockito-core-1.10.19.jar:na]
	at org.gradle.api.internal.tasks.testing.junit.JUnitTestClassExecuter.runTestClass(JUnitTestClassExecuter.java:86) [gradle-plugins-2.4.jar:2.4]
	at org.gradle.api.internal.tasks.testing.junit.JUnitTestClassExecuter.execute(JUnitTestClassExecuter.java:49) [gradle-plugins-2.4.jar:2.4]
	at org.gradle.api.internal.tasks.testing.junit.JUnitTestClassProcessor.processTestClass(JUnitTestClassProcessor.java:64) [gradle-plugins-2.4.jar:2.4]
	at org.gradle.api.internal.tasks.testing.SuiteTestClassProcessor.processTestClass(SuiteTestClassProcessor.java:50) [gradle-plugins-2.4.jar:2.4]
	at sun.reflect.NativeMethodAccessorImpl.invoke0(Native Method) ~[na:1.8.0]
	at sun.reflect.NativeMethodAccessorImpl.invoke(NativeMethodAccessorImpl.java:62) ~[na:1.8.0]
	at sun.reflect.DelegatingMethodAccessorImpl.invoke(DelegatingMethodAccessorImpl.java:43) ~[na:1.8.0]
	at java.lang.reflect.Method.invoke(Method.java:483) ~[na:1.8.0]
	at org.gradle.messaging.dispatch.ReflectionDispatch.dispatch(ReflectionDispatch.java:35) [gradle-messaging-2.4.jar:2.4]
	at org.gradle.messaging.dispatch.ReflectionDispatch.dispatch(ReflectionDispatch.java:24) [gradle-messaging-2.4.jar:2.4]
	at org.gradle.messaging.dispatch.ContextClassLoaderDispatch.dispatch(ContextClassLoaderDispatch.java:32) [gradle-messaging-2.4.jar:2.4]
	at org.gradle.messaging.dispatch.ProxyDispatchAdapter$DispatchingInvocationHandler.invoke(ProxyDispatchAdapter.java:93) [gradle-messaging-2.4.jar:2.4]
	at com.sun.proxy.$Proxy2.processTestClass(Unknown Source) [na:na]
	at org.gradle.api.internal.tasks.testing.worker.TestWorker.processTestClass(TestWorker.java:106) [gradle-plugins-2.4.jar:2.4]
	at sun.reflect.NativeMethodAccessorImpl.invoke0(Native Method) ~[na:1.8.0]
	at sun.reflect.NativeMethodAccessorImpl.invoke(NativeMethodAccessorImpl.java:62) ~[na:1.8.0]
	at sun.reflect.DelegatingMethodAccessorImpl.invoke(DelegatingMethodAccessorImpl.java:43) ~[na:1.8.0]
	at java.lang.reflect.Method.invoke(Method.java:483) ~[na:1.8.0]
	at org.gradle.messaging.dispatch.ReflectionDispatch.dispatch(ReflectionDispatch.java:35) [gradle-messaging-2.4.jar:2.4]
	at org.gradle.messaging.dispatch.ReflectionDispatch.dispatch(ReflectionDispatch.java:24) [gradle-messaging-2.4.jar:2.4]
	at org.gradle.messaging.remote.internal.hub.MessageHub$Handler.run(MessageHub.java:360) [gradle-messaging-2.4.jar:2.4]
	at org.gradle.internal.concurrent.ExecutorPolicy$CatchAndRecordFailures.onExecute(ExecutorPolicy.java:54) [gradle-base-services-2.4.jar:2.4]
	at org.gradle.internal.concurrent.StoppableExecutorImpl$1.run(StoppableExecutorImpl.java:40) [gradle-base-services-2.4.jar:2.4]
	at java.util.concurrent.ThreadPoolExecutor.runWorker(ThreadPoolExecutor.java:1142) [na:1.8.0]
	at java.util.concurrent.ThreadPoolExecutor$Worker.run(ThreadPoolExecutor.java:617) [na:1.8.0]
	at java.lang.Thread.run(Thread.java:744) [na:1.8.0]
INFO  de.twenty11.skysail.server.db.orientdb.impl.Updater - setting target=10 [class java.math.BigDecimal]
ERROR de.twenty11.skysail.server.db.orientdb.impl.Updater - null
java.lang.NoSuchMethodException: de.twenty11.skysail.server.db.orientdb.impl.test.Goal.isTarget()
	at java.lang.Class.getMethod(Class.java:1773) ~[na:1.8.0]
	at de.twenty11.skysail.server.db.orientdb.impl.Updater.methodWith(Updater.java:108) [bin/:na]
	at de.twenty11.skysail.server.db.orientdb.impl.Updater.setProperty(Updater.java:100) [bin/:na]
	at de.twenty11.skysail.server.db.orientdb.impl.Updater.lambda$execute$8(Updater.java:38) [bin/:na]
	at de.twenty11.skysail.server.db.orientdb.impl.Updater$$Lambda$1/552369664.accept(Unknown Source) [bin/:na]
	at java.util.HashMap$KeySpliterator.forEachRemaining(HashMap.java:1540) [na:1.8.0]
	at java.util.stream.ReferencePipeline$Head.forEach(ReferencePipeline.java:580) [na:1.8.0]
	at de.twenty11.skysail.server.db.orientdb.impl.Updater.execute(Updater.java:35) [bin/:na]
	at de.twenty11.skysail.server.db.orientdb.impl.Updater.runInTransaction(Updater.java:78) [bin/:na]
	at de.twenty11.skysail.server.db.orientdb.impl.Updater.update(Updater.java:27) [bin/:na]
	at de.twenty11.skysail.server.db.orientdb.impl.test.UpdaterTest.testUpdate(UpdaterTest.java:28) [bin_test/:na]
	at sun.reflect.NativeMethodAccessorImpl.invoke0(Native Method) ~[na:1.8.0]
	at sun.reflect.NativeMethodAccessorImpl.invoke(NativeMethodAccessorImpl.java:62) ~[na:1.8.0]
	at sun.reflect.DelegatingMethodAccessorImpl.invoke(DelegatingMethodAccessorImpl.java:43) ~[na:1.8.0]
	at java.lang.reflect.Method.invoke(Method.java:483) ~[na:1.8.0]
	at org.junit.runners.model.FrameworkMethod$1.runReflectiveCall(FrameworkMethod.java:47) [com.springsource.org.junit-4.11.0.jar:na]
	at org.junit.internal.runners.model.ReflectiveCallable.run(ReflectiveCallable.java:12) [com.springsource.org.junit-4.11.0.jar:na]
	at org.junit.runners.model.FrameworkMethod.invokeExplosively(FrameworkMethod.java:44) [com.springsource.org.junit-4.11.0.jar:na]
	at org.junit.internal.runners.statements.InvokeMethod.evaluate(InvokeMethod.java:17) [com.springsource.org.junit-4.11.0.jar:na]
	at org.junit.internal.runners.statements.RunBefores.evaluate(RunBefores.java:26) [com.springsource.org.junit-4.11.0.jar:na]
	at org.junit.runners.ParentRunner.runLeaf(ParentRunner.java:271) [com.springsource.org.junit-4.11.0.jar:na]
	at org.junit.runners.BlockJUnit4ClassRunner.runChild(BlockJUnit4ClassRunner.java:70) [com.springsource.org.junit-4.11.0.jar:na]
	at org.junit.runners.BlockJUnit4ClassRunner.runChild(BlockJUnit4ClassRunner.java:50) [com.springsource.org.junit-4.11.0.jar:na]
	at org.junit.runners.ParentRunner$3.run(ParentRunner.java:238) [com.springsource.org.junit-4.11.0.jar:na]
	at org.junit.runners.ParentRunner$1.schedule(ParentRunner.java:63) [com.springsource.org.junit-4.11.0.jar:na]
	at org.junit.runners.ParentRunner.runChildren(ParentRunner.java:236) [com.springsource.org.junit-4.11.0.jar:na]
	at org.junit.runners.ParentRunner.access$000(ParentRunner.java:53) [com.springsource.org.junit-4.11.0.jar:na]
	at org.junit.runners.ParentRunner$2.evaluate(ParentRunner.java:229) [com.springsource.org.junit-4.11.0.jar:na]
	at org.junit.runners.ParentRunner.run(ParentRunner.java:309) [com.springsource.org.junit-4.11.0.jar:na]
	at org.mockito.internal.runners.JUnit45AndHigherRunnerImpl.run(JUnit45AndHigherRunnerImpl.java:37) [org.mockito.mockito-core-1.10.19.jar:na]
	at org.mockito.runners.MockitoJUnitRunner.run(MockitoJUnitRunner.java:62) [org.mockito.mockito-core-1.10.19.jar:na]
	at org.gradle.api.internal.tasks.testing.junit.JUnitTestClassExecuter.runTestClass(JUnitTestClassExecuter.java:86) [gradle-plugins-2.4.jar:2.4]
	at org.gradle.api.internal.tasks.testing.junit.JUnitTestClassExecuter.execute(JUnitTestClassExecuter.java:49) [gradle-plugins-2.4.jar:2.4]
	at org.gradle.api.internal.tasks.testing.junit.JUnitTestClassProcessor.processTestClass(JUnitTestClassProcessor.java:64) [gradle-plugins-2.4.jar:2.4]
	at org.gradle.api.internal.tasks.testing.SuiteTestClassProcessor.processTestClass(SuiteTestClassProcessor.java:50) [gradle-plugins-2.4.jar:2.4]
	at sun.reflect.NativeMethodAccessorImpl.invoke0(Native Method) ~[na:1.8.0]
	at sun.reflect.NativeMethodAccessorImpl.invoke(NativeMethodAccessorImpl.java:62) ~[na:1.8.0]
	at sun.reflect.DelegatingMethodAccessorImpl.invoke(DelegatingMethodAccessorImpl.java:43) ~[na:1.8.0]
	at java.lang.reflect.Method.invoke(Method.java:483) ~[na:1.8.0]
	at org.gradle.messaging.dispatch.ReflectionDispatch.dispatch(ReflectionDispatch.java:35) [gradle-messaging-2.4.jar:2.4]
	at org.gradle.messaging.dispatch.ReflectionDispatch.dispatch(ReflectionDispatch.java:24) [gradle-messaging-2.4.jar:2.4]
	at org.gradle.messaging.dispatch.ContextClassLoaderDispatch.dispatch(ContextClassLoaderDispatch.java:32) [gradle-messaging-2.4.jar:2.4]
	at org.gradle.messaging.dispatch.ProxyDispatchAdapter$DispatchingInvocationHandler.invoke(ProxyDispatchAdapter.java:93) [gradle-messaging-2.4.jar:2.4]
	at com.sun.proxy.$Proxy2.processTestClass(Unknown Source) [na:na]
	at org.gradle.api.internal.tasks.testing.worker.TestWorker.processTestClass(TestWorker.java:106) [gradle-plugins-2.4.jar:2.4]
	at sun.reflect.NativeMethodAccessorImpl.invoke0(Native Method) ~[na:1.8.0]
	at sun.reflect.NativeMethodAccessorImpl.invoke(NativeMethodAccessorImpl.java:62) ~[na:1.8.0]
	at sun.reflect.DelegatingMethodAccessorImpl.invoke(DelegatingMethodAccessorImpl.java:43) ~[na:1.8.0]
	at java.lang.reflect.Method.invoke(Method.java:483) ~[na:1.8.0]
	at org.gradle.messaging.dispatch.ReflectionDispatch.dispatch(ReflectionDispatch.java:35) [gradle-messaging-2.4.jar:2.4]
	at org.gradle.messaging.dispatch.ReflectionDispatch.dispatch(ReflectionDispatch.java:24) [gradle-messaging-2.4.jar:2.4]
	at org.gradle.messaging.remote.internal.hub.MessageHub$Handler.run(MessageHub.java:360) [gradle-messaging-2.4.jar:2.4]
	at org.gradle.internal.concurrent.ExecutorPolicy$CatchAndRecordFailures.onExecute(ExecutorPolicy.java:54) [gradle-base-services-2.4.jar:2.4]
	at org.gradle.internal.concurrent.StoppableExecutorImpl$1.run(StoppableExecutorImpl.java:40) [gradle-base-services-2.4.jar:2.4]
	at java.util.concurrent.ThreadPoolExecutor.runWorker(ThreadPoolExecutor.java:1142) [na:1.8.0]
	at java.util.concurrent.ThreadPoolExecutor$Worker.run(ThreadPoolExecutor.java:617) [na:1.8.0]
	at java.lang.Thread.run(Thread.java:744) [na:1.8.0]
INFO  io.skysail.server.db.DbConfigurations - activating DbConfigurations with config DbConfig(name=name1, driver=driver1, url=, username=)
