DEBUG d.t.skysail.server.db.orientdb.OrientGraphDbService - activating io.skysail.server.testsupport.TestDb
DEBUG d.t.skysail.server.db.orientdb.OrientGraphDbService - registering class 'class io.skysail.server.app.designer.application.Application' @ orientDB
DEBUG d.t.skysail.server.db.orientdb.OrientGraphDbService - registering class 'class io.skysail.server.app.designer.entities.Entity' @ orientDB
DEBUG d.t.skysail.server.db.orientdb.OrientGraphDbService - registering class 'class io.skysail.server.app.designer.fields.EntityField' @ orientDB
INFO  de.twenty11.skysail.server.db.orientdb.impl.Persister - setting name=appForEntity2 [class java.lang.String]
ERROR de.twenty11.skysail.server.db.orientdb.impl.Updater - Exception in Database, rolled back transaction
com.orientechnologies.orient.core.exception.OSerializationException: Linked type [class io.skysail.server.app.designer.fields.resources.test.PostFieldResourceTest$1:Entity(id=null, name=namefield)] cannot be serialized because is not part of registered entities. To fix this error register this class
	at com.orientechnologies.orient.object.enhancement.OObjectEntitySerializer.typeToStream(OObjectEntitySerializer.java:752) ~[orientdb-object-2.0.4.jar:2.0.4]
	at com.orientechnologies.orient.object.enhancement.OObjectEntitySerializer.multiValueToStream(OObjectEntitySerializer.java:1323) ~[orientdb-object-2.0.4.jar:2.0.4]
	at com.orientechnologies.orient.object.enhancement.OObjectEntitySerializer.typeToStream(OObjectEntitySerializer.java:735) ~[orientdb-object-2.0.4.jar:2.0.4]
	at com.orientechnologies.orient.object.enhancement.OObjectEntitySerializer.toStream(OObjectEntitySerializer.java:1160) ~[orientdb-object-2.0.4.jar:2.0.4]
	at com.orientechnologies.orient.object.enhancement.OObjectEntitySerializer.serializeObject(OObjectEntitySerializer.java:124) ~[orientdb-object-2.0.4.jar:2.0.4]
	at com.orientechnologies.orient.object.db.OObjectDatabaseTx.save(OObjectDatabaseTx.java:432) ~[orientdb-object-2.0.4.jar:2.0.4]
	at com.orientechnologies.orient.object.db.OObjectDatabaseTx.save(OObjectDatabaseTx.java:377) ~[orientdb-object-2.0.4.jar:2.0.4]
	at de.twenty11.skysail.server.db.orientdb.impl.Updater.execute(Updater.java:22) [bin/:na]
	at de.twenty11.skysail.server.db.orientdb.impl.Updater.runInTransaction(Updater.java:35) [bin/:na]
	at de.twenty11.skysail.server.db.orientdb.impl.Updater.update(Updater.java:17) [bin/:na]
	at de.twenty11.skysail.server.db.orientdb.OrientGraphDbService.update(OrientGraphDbService.java:86) [bin/:na]
	at io.skysail.server.app.designer.repo.DesignerRepository.update(DesignerRepository.java:52) [bin/:na]
	at io.skysail.server.app.designer.fields.resources.test.PostFieldResourceTest.valid_data_yields_new_entity(PostFieldResourceTest.java:57) [bin_test/:na]
	at sun.reflect.NativeMethodAccessorImpl.invoke0(Native Method) ~[na:1.8.0_20]
	at sun.reflect.NativeMethodAccessorImpl.invoke(NativeMethodAccessorImpl.java:62) ~[na:1.8.0_20]
	at sun.reflect.DelegatingMethodAccessorImpl.invoke(DelegatingMethodAccessorImpl.java:43) ~[na:1.8.0_20]
	at java.lang.reflect.Method.invoke(Method.java:483) ~[na:1.8.0_20]
	at org.junit.runners.model.FrameworkMethod$1.runReflectiveCall(FrameworkMethod.java:47) [com.springsource.org.junit-4.11.0.jar:na]
	at org.junit.internal.runners.model.ReflectiveCallable.run(ReflectiveCallable.java:12) [com.springsource.org.junit-4.11.0.jar:na]
	at org.junit.runners.model.FrameworkMethod.invokeExplosively(FrameworkMethod.java:44) [com.springsource.org.junit-4.11.0.jar:na]
	at org.junit.internal.runners.statements.InvokeMethod.evaluate(InvokeMethod.java:17) [com.springsource.org.junit-4.11.0.jar:na]
	at org.junit.internal.runners.statements.RunBefores.evaluate(RunBefores.java:26) [com.springsource.org.junit-4.11.0.jar:na]
	at org.junit.internal.runners.statements.RunAfters.evaluate(RunAfters.java:27) [com.springsource.org.junit-4.11.0.jar:na]
	at org.junit.rules.ExpectedException$ExpectedExceptionStatement.evaluate(ExpectedException.java:168) [com.springsource.org.junit-4.11.0.jar:na]
	at org.junit.rules.RunRules.evaluate(RunRules.java:20) [com.springsource.org.junit-4.11.0.jar:na]
	at org.junit.runners.ParentRunner.runLeaf(ParentRunner.java:271) [com.springsource.org.junit-4.11.0.jar:na]
	at org.junit.runners.BlockJUnit4ClassRunner.runChild(BlockJUnit4ClassRunner.java:70) [com.springsource.org.junit-4.11.0.jar:na]
	at org.junit.runners.BlockJUnit4ClassRunner.runChild(BlockJUnit4ClassRunner.java:50) [com.springsource.org.junit-4.11.0.jar:na]
	at org.junit.runners.ParentRunner$3.run(ParentRunner.java:238) [com.springsource.org.junit-4.11.0.jar:na]
	at org.junit.runners.ParentRunner$1.schedule(ParentRunner.java:63) [com.springsource.org.junit-4.11.0.jar:na]
	at org.junit.runners.ParentRunner.runChildren(ParentRunner.java:236) [com.springsource.org.junit-4.11.0.jar:na]
	at org.junit.runners.ParentRunner.access$000(ParentRunner.java:53) [com.springsource.org.junit-4.11.0.jar:na]
	at org.junit.runners.ParentRunner$2.evaluate(ParentRunner.java:229) [com.springsource.org.junit-4.11.0.jar:na]
	at org.junit.internal.runners.statements.RunBefores.evaluate(RunBefores.java:26) [com.springsource.org.junit-4.11.0.jar:na]
	at org.junit.internal.runners.statements.RunAfters.evaluate(RunAfters.java:27) [com.springsource.org.junit-4.11.0.jar:na]
	at org.junit.runners.ParentRunner.run(ParentRunner.java:309) [com.springsource.org.junit-4.11.0.jar:na]
	at org.mockito.internal.runners.JUnit45AndHigherRunnerImpl.run(JUnit45AndHigherRunnerImpl.java:37) [mockito-all-1.10.19.jar:na]
	at org.mockito.runners.MockitoJUnitRunner.run(MockitoJUnitRunner.java:62) [mockito-all-1.10.19.jar:na]
	at org.eclipse.jdt.internal.junit4.runner.JUnit4TestReference.run(JUnit4TestReference.java:50) [.cp/:na]
	at org.eclipse.jdt.internal.junit.runner.TestExecution.run(TestExecution.java:38) [.cp/:na]
	at org.eclipse.jdt.internal.junit.runner.RemoteTestRunner.runTests(RemoteTestRunner.java:459) [.cp/:na]
	at org.eclipse.jdt.internal.junit.runner.RemoteTestRunner.runTests(RemoteTestRunner.java:675) [.cp/:na]
	at org.eclipse.jdt.internal.junit.runner.RemoteTestRunner.run(RemoteTestRunner.java:382) [.cp/:na]
	at org.eclipse.jdt.internal.junit.runner.RemoteTestRunner.main(RemoteTestRunner.java:192) [.cp/:na]
INFO  i.s.server.restlet.resources.PostEntityServerResource - Request entry point: PostFieldResource$$EnhancerByMockitoWithCGLIB$$cc171171 @Post('x-www-form-urlencoded:html|json|xml')
INFO  i.s.server.restlet.resources.PostEntityServerResource - calling post(Form), media types '[]'
DEBUG org.jboss.logging - Logging Provider: org.jboss.logging.Slf4jLoggerProvider
INFO  org.hibernate.validator.internal.util.Version - HV000001: Hibernate Validator 5.0.1.Final
DEBUG o.h.v.i.engine.resolver.DefaultTraversableResolver - Found javax.persistence.Persistence on classpath containing 'getPersistenceUtil'. Assuming JPA 2 environment. Trying to instantiate JPA aware TraversableResolver
DEBUG o.h.v.i.engine.resolver.DefaultTraversableResolver - Instantiated JPA aware TraversableResolver of type org.hibernate.validator.internal.engine.resolver.JPATraversableResolver.
DEBUG o.hibernate.validator.internal.xml.ValidationXmlParser - Trying to load META-INF/validation.xml for XML based Validator configuration.
INFO  o.hibernate.validator.internal.xml.ValidationXmlParser - HV000007: META-INF/validation.xml found. Parsing XML based configuration.
DEBUG o.h.v.i.engine.resolver.DefaultTraversableResolver - Found javax.persistence.Persistence on classpath containing 'getPersistenceUtil'. Assuming JPA 2 environment. Trying to instantiate JPA aware TraversableResolver
DEBUG o.h.v.i.engine.resolver.DefaultTraversableResolver - Instantiated JPA aware TraversableResolver of type org.hibernate.validator.internal.engine.resolver.JPATraversableResolver.
INFO  o.h.v.internal.xml.ValidationBootstrapParameters - HV000005: Using de.twenty11.skysail.server.validation.MyValidationTraversableResolver as traversable resolver.
DEBUG i.skysail.server.restlet.filter.ExceptionCatchingFilter - entering ExceptionCatchingFilter#doHandle
DEBUG io.skysail.server.restlet.filter.AbstractResourceFilter - next filter in chain: AddRequestIdToResourceFilter
DEBUG io.skysail.server.restlet.filter.AbstractResourceFilter - next filter in chain: CheckInvalidInputFilter
DEBUG i.skysail.server.restlet.filter.CheckInvalidInputFilter - entering CheckInvalidInputFilter#doHandle
DEBUG io.skysail.server.restlet.filter.AbstractResourceFilter - next filter in chain: FormDataExtractingFilter
DEBUG i.s.server.restlet.filter.FormDataExtractingFilter - entering FormDataExtractingFilter#doHandle
DEBUG io.skysail.server.restlet.filter.AbstractResourceFilter - next filter in chain: CheckBusinessViolationsFilter
DEBUG i.s.server.restlet.filter.CheckBusinessViolationsFilter - entering CheckBusinessViolationsFilter#doHandle
DEBUG io.skysail.server.restlet.filter.AbstractResourceFilter - next filter in chain: OptionalEncryptionFilter
DEBUG io.skysail.server.restlet.filter.AbstractResourceFilter - next filter in chain: PersistEntityFilter
DEBUG io.skysail.server.restlet.filter.PersistEntityFilter - entering PersistEntityFilter#doHandle
ERROR i.skysail.server.restlet.filter.ExceptionCatchingFilter - null
java.lang.NullPointerException: null
	at io.skysail.server.app.designer.fields.resources.PostFieldResource.addEntity(PostFieldResource.java:38) ~[bin/:na]
	at io.skysail.server.app.designer.fields.resources.test.PostFieldResourceTest.valid_data_yields_new_entity(Unknown Source) [bin_test/:na]
	at sun.reflect.NativeMethodAccessorImpl.invoke0(Native Method) ~[na:1.8.0_20]
	at sun.reflect.NativeMethodAccessorImpl.invoke(NativeMethodAccessorImpl.java:62) ~[na:1.8.0_20]
	at sun.reflect.DelegatingMethodAccessorImpl.invoke(DelegatingMethodAccessorImpl.java:43) ~[na:1.8.0_20]
	at java.lang.reflect.Method.invoke(Method.java:483) ~[na:1.8.0_20]
	at org.junit.runners.model.FrameworkMethod$1.runReflectiveCall(FrameworkMethod.java:47) [com.springsource.org.junit-4.11.0.jar:na]
	at org.junit.internal.runners.model.ReflectiveCallable.run(ReflectiveCallable.java:12) [com.springsource.org.junit-4.11.0.jar:na]
	at org.junit.runners.model.FrameworkMethod.invokeExplosively(FrameworkMethod.java:44) [com.springsource.org.junit-4.11.0.jar:na]
	at org.junit.internal.runners.statements.InvokeMethod.evaluate(InvokeMethod.java:17) [com.springsource.org.junit-4.11.0.jar:na]
	at org.junit.internal.runners.statements.RunBefores.evaluate(RunBefores.java:26) [com.springsource.org.junit-4.11.0.jar:na]
	at org.junit.internal.runners.statements.RunAfters.evaluate(RunAfters.java:27) [com.springsource.org.junit-4.11.0.jar:na]
	at org.junit.rules.ExpectedException$ExpectedExceptionStatement.evaluate(ExpectedException.java:168) [com.springsource.org.junit-4.11.0.jar:na]
	at org.junit.rules.RunRules.evaluate(RunRules.java:20) [com.springsource.org.junit-4.11.0.jar:na]
	at org.junit.runners.ParentRunner.runLeaf(ParentRunner.java:271) [com.springsource.org.junit-4.11.0.jar:na]
	at org.junit.runners.BlockJUnit4ClassRunner.runChild(BlockJUnit4ClassRunner.java:70) [com.springsource.org.junit-4.11.0.jar:na]
	at org.junit.runners.BlockJUnit4ClassRunner.runChild(BlockJUnit4ClassRunner.java:50) [com.springsource.org.junit-4.11.0.jar:na]
	at org.junit.runners.ParentRunner$3.run(ParentRunner.java:238) [com.springsource.org.junit-4.11.0.jar:na]
	at org.junit.runners.ParentRunner$1.schedule(ParentRunner.java:63) [com.springsource.org.junit-4.11.0.jar:na]
	at org.junit.runners.ParentRunner.runChildren(ParentRunner.java:236) [com.springsource.org.junit-4.11.0.jar:na]
	at org.junit.runners.ParentRunner.access$000(ParentRunner.java:53) [com.springsource.org.junit-4.11.0.jar:na]
	at org.junit.runners.ParentRunner$2.evaluate(ParentRunner.java:229) [com.springsource.org.junit-4.11.0.jar:na]
	at org.junit.internal.runners.statements.RunBefores.evaluate(RunBefores.java:26) [com.springsource.org.junit-4.11.0.jar:na]
	at org.junit.internal.runners.statements.RunAfters.evaluate(RunAfters.java:27) [com.springsource.org.junit-4.11.0.jar:na]
	at org.junit.runners.ParentRunner.run(ParentRunner.java:309) [com.springsource.org.junit-4.11.0.jar:na]
	at org.mockito.internal.runners.JUnit45AndHigherRunnerImpl.run(JUnit45AndHigherRunnerImpl.java:37) [mockito-all-1.10.19.jar:na]
	at org.mockito.runners.MockitoJUnitRunner.run(MockitoJUnitRunner.java:62) [mockito-all-1.10.19.jar:na]
	at org.eclipse.jdt.internal.junit4.runner.JUnit4TestReference.run(JUnit4TestReference.java:50) [.cp/:na]
	at org.eclipse.jdt.internal.junit.runner.TestExecution.run(TestExecution.java:38) [.cp/:na]
	at org.eclipse.jdt.internal.junit.runner.RemoteTestRunner.runTests(RemoteTestRunner.java:459) [.cp/:na]
	at org.eclipse.jdt.internal.junit.runner.RemoteTestRunner.runTests(RemoteTestRunner.java:675) [.cp/:na]
	at org.eclipse.jdt.internal.junit.runner.RemoteTestRunner.run(RemoteTestRunner.java:382) [.cp/:na]
	at org.eclipse.jdt.internal.junit.runner.RemoteTestRunner.main(RemoteTestRunner.java:192) [.cp/:na]
